2019-12-10 12:06:57.182  INFO 10528 --- [restartedMain] c.m.springlearn.SpringlearnApplication   : Starting SpringlearnApplication on DESKTOP-0HOEV9C with PID 10528 (E:\SpringWorkspace\springlearn\target\classes started by MIJazz in E:\SpringWorkspace\springlearn)
2019-12-10 12:06:57.190  INFO 10528 --- [restartedMain] c.m.springlearn.SpringlearnApplication   : No active profile set, falling back to default profiles: default
2019-12-10 12:06:57.250  INFO 10528 --- [restartedMain] o.s.b.devtools.restart.ChangeableUrls    : The Class-Path manifest attribute in C:\Users\MIJazz\.m2\repository\org\glassfish\jaxb\jaxb-runtime\2.3.2\jaxb-runtime-2.3.2.jar referenced one or more files that do not exist: file:/C:/Users/MIJazz/.m2/repository/org/glassfish/jaxb/jaxb-runtime/2.3.2/jakarta.xml.bind-api-2.3.2.jar,file:/C:/Users/MIJazz/.m2/repository/org/glassfish/jaxb/jaxb-runtime/2.3.2/txw2-2.3.2.jar,file:/C:/Users/MIJazz/.m2/repository/org/glassfish/jaxb/jaxb-runtime/2.3.2/istack-commons-runtime-3.0.8.jar,file:/C:/Users/MIJazz/.m2/repository/org/glassfish/jaxb/jaxb-runtime/2.3.2/stax-ex-1.8.1.jar,file:/C:/Users/MIJazz/.m2/repository/org/glassfish/jaxb/jaxb-runtime/2.3.2/FastInfoset-1.2.16.jar,file:/C:/Users/MIJazz/.m2/repository/org/glassfish/jaxb/jaxb-runtime/2.3.2/jakarta.activation-api-1.2.1.jar
2019-12-10 12:06:57.261  INFO 10528 --- [restartedMain] .e.DevToolsPropertyDefaultsPostProcessor : Devtools property defaults active! Set 'spring.devtools.add-properties' to 'false' to disable
2019-12-10 12:06:57.261  INFO 10528 --- [restartedMain] .e.DevToolsPropertyDefaultsPostProcessor : For additional web related logging consider setting the 'logging.level.web' property to 'DEBUG'
2019-12-10 12:06:57.962  INFO 10528 --- [restartedMain] .s.d.r.c.RepositoryConfigurationDelegate : Bootstrapping Spring Data repositories in DEFAULT mode.
2019-12-10 12:06:58.032  INFO 10528 --- [restartedMain] .s.d.r.c.RepositoryConfigurationDelegate : Finished Spring Data repository scanning in 64ms. Found 5 repository interfaces.
2019-12-10 12:06:58.042  INFO 10528 --- [restartedMain] .s.d.r.c.RepositoryConfigurationDelegate : Bootstrapping Spring Data repositories in DEFAULT mode.
2019-12-10 12:06:58.048  INFO 10528 --- [restartedMain] .s.d.r.c.RepositoryConfigurationDelegate : Finished Spring Data repository scanning in 13ms. Found 5 repository interfaces.
2019-12-10 12:06:58.361  INFO 10528 --- [restartedMain] trationDelegate$BeanPostProcessorChecker : Bean 'org.springframework.transaction.annotation.ProxyTransactionManagementConfiguration' of type [org.springframework.transaction.annotation.ProxyTransactionManagementConfiguration] is not eligible for getting processed by all BeanPostProcessors (for example: not eligible for auto-proxying)
2019-12-10 12:06:58.642  INFO 10528 --- [restartedMain] o.s.b.w.embedded.tomcat.TomcatWebServer  : Tomcat initialized with port(s): 8084 (http)
2019-12-10 12:06:58.658  INFO 10528 --- [restartedMain] o.apache.catalina.core.StandardService   : Starting service [Tomcat]
2019-12-10 12:06:58.658  INFO 10528 --- [restartedMain] org.apache.catalina.core.StandardEngine  : Starting Servlet engine: [Apache Tomcat/9.0.27]
2019-12-10 12:06:58.751  INFO 10528 --- [restartedMain] o.a.c.c.C.[Tomcat].[localhost].[/]       : Initializing Spring embedded WebApplicationContext
2019-12-10 12:06:58.751  INFO 10528 --- [restartedMain] o.s.web.context.ContextLoader            : Root WebApplicationContext: initialization completed in 1489 ms
2019-12-10 12:06:58.921  INFO 10528 --- [restartedMain] o.hibernate.jpa.internal.util.LogHelper  : HHH000204: Processing PersistenceUnitInfo [name: default]
2019-12-10 12:06:58.976  INFO 10528 --- [restartedMain] org.hibernate.Version                    : HHH000412: Hibernate Core {5.4.6.Final}
2019-12-10 12:06:59.143  INFO 10528 --- [restartedMain] o.hibernate.annotations.common.Version   : HCANN000001: Hibernate Commons Annotations {5.1.0.Final}
2019-12-10 12:06:59.221  INFO 10528 --- [restartedMain] com.zaxxer.hikari.HikariDataSource       : HikariPool-1 - Starting...
2019-12-10 12:06:59.726  INFO 10528 --- [restartedMain] com.zaxxer.hikari.HikariDataSource       : HikariPool-1 - Start completed.
2019-12-10 12:06:59.736  INFO 10528 --- [restartedMain] org.hibernate.dialect.Dialect            : HHH000400: Using dialect: org.hibernate.dialect.MySQL5InnoDBDialect
2019-12-10 12:07:00.432  INFO 10528 --- [restartedMain] o.h.e.t.j.p.i.JtaPlatformInitiator       : HHH000490: Using JtaPlatform implementation: [org.hibernate.engine.transaction.jta.platform.internal.NoJtaPlatform]
2019-12-10 12:07:00.438  INFO 10528 --- [restartedMain] j.LocalContainerEntityManagerFactoryBean : Initialized JPA EntityManagerFactory for persistence unit 'default'
2019-12-10 12:07:00.467  INFO 10528 --- [restartedMain] o.s.b.d.a.OptionalLiveReloadServer       : LiveReload server is running on port 35729
2019-12-10 12:07:00.947  WARN 10528 --- [restartedMain] JpaBaseConfiguration$JpaWebConfiguration : spring.jpa.open-in-view is enabled by default. Therefore, database queries may be performed during view rendering. Explicitly configure spring.jpa.open-in-view to disable this warning
2019-12-10 12:07:01.089  INFO 10528 --- [restartedMain] o.s.s.concurrent.ThreadPoolTaskExecutor  : Initializing ExecutorService 'applicationTaskExecutor'
2019-12-10 12:07:01.378  INFO 10528 --- [restartedMain] o.s.s.web.DefaultSecurityFilterChain     : Creating filter chain: any request, [org.springframework.security.web.context.request.async.WebAsyncManagerIntegrationFilter@a0651e4, org.springframework.security.web.context.SecurityContextPersistenceFilter@38e88c62, org.springframework.security.web.header.HeaderWriterFilter@35be03e, org.springframework.security.web.authentication.logout.LogoutFilter@5900dbc9, org.springframework.security.web.authentication.UsernamePasswordAuthenticationFilter@307cdf27, org.springframework.security.web.savedrequest.RequestCacheAwareFilter@15871697, org.springframework.security.web.servletapi.SecurityContextHolderAwareRequestFilter@689de0be, org.springframework.security.web.authentication.AnonymousAuthenticationFilter@673f4321, org.springframework.security.web.session.SessionManagementFilter@306bfe59, org.springframework.security.web.access.ExceptionTranslationFilter@534eb526, org.springframework.security.web.access.intercept.FilterSecurityInterceptor@7c10aac0]
2019-12-10 12:07:01.601  INFO 10528 --- [restartedMain] o.s.b.w.embedded.tomcat.TomcatWebServer  : Tomcat started on port(s): 8084 (http) with context path ''
2019-12-10 12:07:01.604  INFO 10528 --- [restartedMain] c.m.springlearn.SpringlearnApplication   : Started SpringlearnApplication in 4.959 seconds (JVM running for 6.301)
2019-12-10 12:07:12.838  INFO 10528 --- [http-nio-8084-exec-1] o.a.c.c.C.[Tomcat].[localhost].[/]       : Initializing Spring DispatcherServlet 'dispatcherServlet'
2019-12-10 12:07:12.838  INFO 10528 --- [http-nio-8084-exec-1] o.s.web.servlet.DispatcherServlet        : Initializing Servlet 'dispatcherServlet'
2019-12-10 12:07:12.845  INFO 10528 --- [http-nio-8084-exec-1] o.s.web.servlet.DispatcherServlet        : Completed initialization in 6 ms
2019-12-10 12:08:04.344  INFO 10528 --- [http-nio-8084-exec-9] c.m.springlearn.service.UserService      : User Login Via Spring Security, Roles= [ID: 1, authority: ROLE_ADMIN., ID: 1, authority: ROLE_ADMIN.], Name= root
2019-12-10 12:08:20.620  INFO 10528 --- [http-nio-8084-exec-7] c.m.springlearn.service.UserService      : User Login Via Spring Security, Roles= [ID: 1, authority: ROLE_ADMIN., ID: 1, authority: ROLE_ADMIN.], Name= root
2019-12-10 12:08:20.625  INFO 10528 --- [http-nio-8084-exec-1] c.m.springlearn.service.UserService      : User Login Via Spring Security, Roles= [ID: 1, authority: ROLE_ADMIN., ID: 1, authority: ROLE_ADMIN.], Name= root
2019-12-10 12:09:41.324  INFO 10528 --- [http-nio-8084-exec-8] c.m.springlearn.service.UserService      : User Login Via Spring Security, Roles= [ID: 2, authority: ROLE_USER., ID: 2, authority: ROLE_USER.], Name= user
2019-12-10 12:09:41.333  INFO 10528 --- [http-nio-8084-exec-7] c.m.springlearn.service.UserService      : User Login Via Spring Security, Roles= [ID: 2, authority: ROLE_USER., ID: 2, authority: ROLE_USER.], Name= user
